<?xml version="1.0" encoding="UTF-8"?>
<!-- Generated by org.testng.reporters.JUnitReportReporter -->
<testsuite skipped="0" hostname="DESKTOP-C2MA6PK" name="next.co.uk.tests.SearchByTextBoxTest" tests="2" failures="0" timestamp="2020-07-23T21:57:18 IDT" time="21.255" errors="0">
  <testcase name="tc01_search_1" time="7.119" classname="next.co.uk.tests.SearchByTextBoxTest"/>
  <system-out/>
  <testcase name="tc02_addToFavorite_2" time="14.136" classname="next.co.uk.tests.SearchByTextBoxTest"/>
  <system-out/>
</testsuite> <!-- next.co.uk.tests.SearchByTextBoxTest -->
