<?xml version="1.0" encoding="UTF-8"?>
<!-- Generated by org.testng.reporters.JUnitReportReporter -->
<testsuite skipped="0" hostname="DESKTOP-C2MA6PK" name="next.co.uk.tests.OrderGiftCardTest" tests="1" failures="0" timestamp="2020-07-23T21:44:45 IDT" time="16.022" errors="0">
  <testcase name="orderGiftCard" time="16.022" classname="next.co.uk.tests.OrderGiftCardTest"/>
  <system-out/>
</testsuite> <!-- next.co.uk.tests.OrderGiftCardTest -->
