<?xml version="1.0" encoding="UTF-8"?>
<!-- Generated by org.testng.reporters.JUnitReportReporter -->
<testsuite skipped="0" hostname="DESKTOP-C2MA6PK" name="next.co.uk.tests.E2ETest" tests="1" failures="0" timestamp="2020-07-23T21:53:35 IDT" time="38.297" errors="0">
  <testcase name="e2e" time="38.297" classname="next.co.uk.tests.E2ETest"/>
  <system-out/>
</testsuite> <!-- next.co.uk.tests.E2ETest -->
