<?xml version="1.0" encoding="UTF-8"?>
<!-- Generated by org.testng.reporters.JUnitReportReporter -->
<testsuite skipped="0" hostname="DESKTOP-C2MA6PK" name="next.co.uk.tests.ChangeCountryTest" tests="1" failures="0" timestamp="2020-07-23T13:22:17 IDT" time="4.887" errors="0">
  <testcase name="changeCountry" time="4.887" classname="next.co.uk.tests.ChangeCountryTest"/>
  <system-out/>
</testsuite> <!-- next.co.uk.tests.ChangeCountryTest -->
