<?xml version="1.0" encoding="UTF-8"?>
<!-- Generated by org.testng.reporters.JUnitReportReporter -->
<testsuite skipped="0" hostname="DESKTOP-C2MA6PK" name="next.co.uk.tests.MenuBarTest" tests="1" failures="0" timestamp="2020-07-20T22:29:54 IDT" time="7.232" errors="0">
  <testcase name="tc01_chooseFromMenuBar" time="7.232" classname="next.co.uk.tests.MenuBarTest"/>
  <system-out/>
</testsuite> <!-- next.co.uk.tests.MenuBarTest -->
