<?xml version="1.0" encoding="UTF-8"?>
<!-- Generated by org.testng.reporters.JUnitReportReporter -->
<testsuite skipped="0" hostname="DESKTOP-C2MA6PK" name="next.co.uk.tests.LoginTest" tests="1" failures="0" timestamp="2020-07-23T22:02:52 IDT" time="3.942" errors="0">
  <testcase name="loginUser" time="3.942" classname="next.co.uk.tests.LoginTest"/>
  <system-out/>
</testsuite> <!-- next.co.uk.tests.LoginTest -->
