<?xml version="1.0" encoding="UTF-8"?>
<!-- Generated by org.testng.reporters.JUnitReportReporter -->
<testsuite skipped="0" hostname="DESKTOP-C2MA6PK" name="next.co.uk.tests.SearchByCategoryTest" tests="1" failures="0" timestamp="2020-07-23T22:06:48 IDT" time="33.383" errors="0">
  <testcase name="tc03_searchByCategory" time="33.383" classname="next.co.uk.tests.SearchByCategoryTest"/>
  <system-out/>
</testsuite> <!-- next.co.uk.tests.SearchByCategoryTest -->
