<?xml version="1.0" encoding="UTF-8"?>
<!-- Generated by org.testng.reporters.JUnitReportReporter -->
<testsuite skipped="0" hostname="DESKTOP-C2MA6PK" name="next.co.uk.tests.FailureTest" tests="4" failures="0" timestamp="2020-07-23T08:23:48 IDT" time="10.351" errors="0">
  <testcase name="l2_loginFailed" time="2.536" classname="next.co.uk.tests.FailureTest"/>
  <system-out/>
  <testcase name="l2_loginFailed" time="2.525" classname="next.co.uk.tests.FailureTest"/>
  <system-out/>
  <testcase name="l2_loginFailed" time="2.676" classname="next.co.uk.tests.FailureTest"/>
  <system-out/>
  <testcase name="l2_loginFailed" time="2.614" classname="next.co.uk.tests.FailureTest"/>
  <system-out/>
</testsuite> <!-- next.co.uk.tests.FailureTest -->
