<?xml version="1.0" encoding="UTF-8"?>
<!-- Generated by org.testng.reporters.JUnitReportReporter -->
<testsuite skipped="0" hostname="DESKTOP-C2MA6PK" name="next.co.uk.tests.NavigationMenuTest" tests="1" failures="0" timestamp="2020-07-23T21:39:07 IDT" time="6.039" errors="0">
  <testcase name="tc01_chooseFromMenuBar" time="6.039" classname="next.co.uk.tests.NavigationMenuTest"/>
  <system-out/>
</testsuite> <!-- next.co.uk.tests.NavigationMenuTest -->
