<?xml version="1.0" encoding="UTF-8"?>
<!-- Generated by org.testng.reporters.JUnitReportReporter -->
<testsuite skipped="0" hostname="DESKTOP-9EJA6NL" name="tests.SearchTest" tests="1" failures="0" timestamp="09 Aug 2019 06:22:25 GMT" time="1.344" errors="0">
  <testcase name="search" time="1.344" classname="tests.SearchTest"/>
</testsuite> <!-- tests.SearchTest -->
