<?xml version="1.0" encoding="UTF-8"?>
<!-- Generated by org.testng.reporters.JUnitReportReporter -->
<testsuite skipped="0" hostname="DESKTOP-C2MA6PK" name="next.co.uk.tests.LoginCustNoTest" tests="1" failures="0" timestamp="2020-07-22T22:08:21 IDT" time="4.377" errors="0">
  <testcase name="loginWithCustNo" time="4.377" classname="next.co.uk.tests.LoginCustNoTest"/>
  <system-out/>
</testsuite> <!-- next.co.uk.tests.LoginCustNoTest -->
